#
# There is insufficient memory for the Java Runtime Environment to continue.
# Native memory allocation (malloc) failed to allocate 70432 bytes for Chunk::new
# Possible reasons:
#   The system is out of physical RAM or swap space
#   In 32 bit mode, the process size limit was hit
# Possible solutions:
#   Reduce memory load on the system
#   Increase physical memory or swap space
#   Check if swap backing store is full
#   Use 64 bit Java on a 64 bit OS
#   Decrease Java heap size (-Xmx/-Xms)
#   Decrease number of Java threads
#   Decrease Java thread stack sizes (-Xss)
#   Set larger code cache with -XX:ReservedCodeCacheSize=
# This output file may be truncated or incomplete.
#
#  Out of Memory Error (allocation.cpp:390), pid=7032, tid=7368
#
# JRE version: Java(TM) SE Runtime Environment (8.0_20-b26) (build 1.8.0_20-b26)
# Java VM: Java HotSpot(TM) 64-Bit Server VM (25.20-b23 mixed mode windows-amd64 compressed oops)
# Failed to write core dump. Minidumps are not enabled by default on client versions of Windows
#

---------------  T H R E A D  ---------------

Current thread (0x0000000056719000):  JavaThread "C2 CompilerThread1" daemon [_thread_in_native, id=7368, stack(0x0000000056170000,0x0000000056270000)]

Stack: [0x0000000056170000,0x0000000056270000]
Native frames: (J=compiled Java code, j=interpreted, Vv=VM code, C=native code)
V  [jvm.dll+0x3152fa]


Current CompileTask:
C2:   9214 1644       4       com.android.dx.rop.code.Rops::ropFor (771 bytes)


---------------  P R O C E S S  ---------------

Java Threads: ( => current thread )
  0x0000000056987800 JavaThread "pool-1-thread-4" [_thread_blocked, id=6368, stack(0x0000000057430000,0x0000000057530000)]
  0x0000000056a9b000 JavaThread "pool-1-thread-3" [_thread_blocked, id=7200, stack(0x00000000582e0000,0x00000000583e0000)]
  0x0000000056a98800 JavaThread "pool-1-thread-2" [_thread_blocked, id=7240, stack(0x0000000056fd0000,0x00000000570d0000)]
  0x0000000056a97800 JavaThread "pool-2-thread-1" [_thread_blocked, id=4604, stack(0x00000000580c0000,0x00000000581c0000)]
  0x000000005699b800 JavaThread "pool-1-thread-1" [_thread_blocked, id=2756, stack(0x0000000057ee0000,0x0000000057fe0000)]
  0x000000005671d000 JavaThread "Service Thread" daemon [_thread_blocked, id=6412, stack(0x0000000057320000,0x0000000057420000)]
  0x0000000056719800 JavaThread "C1 CompilerThread2" daemon [_thread_in_native, id=2428, stack(0x00000000570f0000,0x00000000571f0000)]
=>0x0000000056719000 JavaThread "C2 CompilerThread1" daemon [_thread_in_native, id=7368, stack(0x0000000056170000,0x0000000056270000)]
  0x000000005524b000 JavaThread "C2 CompilerThread0" daemon [_thread_in_native, id=6760, stack(0x0000000056ec0000,0x0000000056fc0000)]
  0x00000000566ba800 JavaThread "Attach Listener" daemon [_thread_blocked, id=7296, stack(0x0000000056d50000,0x0000000056e50000)]
  0x0000000055248000 JavaThread "Signal Dispatcher" daemon [_thread_blocked, id=7248, stack(0x0000000056b90000,0x0000000056c90000)]
  0x00000000551e4800 JavaThread "Finalizer" daemon [_thread_blocked, id=7360, stack(0x00000000565b0000,0x00000000566b0000)]
  0x00000000551db800 JavaThread "Reference Handler" daemon [_thread_blocked, id=7324, stack(0x0000000056440000,0x0000000056540000)]
  0x000000000018f800 JavaThread "main" [_thread_blocked, id=7224, stack(0x0000000002700000,0x0000000002800000)]

Other Threads:
  0x00000000551d6000 VMThread [stack: 0x00000000562f0000,0x00000000563f0000] [id=7244]
  0x0000000056720800 WatcherThread [stack: 0x0000000057550000,0x0000000057650000] [id=6756]

VM state:not at safepoint (normal execution)

VM Mutex/Monitor currently owned by a thread: None

Heap:
 PSYoungGen      total 53248K, used 33597K [0x00000000eab00000, 0x00000000ee300000, 0x0000000100000000)
  eden space 49152K, 60% used [0x00000000eab00000,0x00000000ec7d1880,0x00000000edb00000)
  from space 4096K, 99% used [0x00000000edf00000,0x00000000ee2fde20,0x00000000ee300000)
  to   space 4096K, 0% used [0x00000000edb00000,0x00000000edb00000,0x00000000edf00000)
 ParOldGen       total 65536K, used 3821K [0x00000000c0000000, 0x00000000c4000000, 0x00000000eab00000)
  object space 65536K, 5% used [0x00000000c0000000,0x00000000c03bb4c8,0x00000000c4000000)
 Metaspace       used 6199K, capacity 7088K, committed 7296K, reserved 1056768K
  class space    used 597K, capacity 616K, committed 640K, reserved 1048576K

Card table byte_map: [0x0000000011bc0000,0x0000000011dd0000] byte_map_base: 0x00000000115c0000

Marking Bits: (ParMarkBitMap*) 0x000000006d54b460
 Begin Bits: [0x0000000012650000, 0x0000000013650000)
 End Bits:   [0x0000000013650000, 0x0000000014650000)

Polling page: 0x0000000000140000

CodeCache: size=245760Kb used=6825Kb max_used=6853Kb free=238934Kb
 bounds [0x0000000002800000, 0x0000000002ec0000, 0x0000000011800000]
 total_blobs=1903 nmethods=1637 adapters=180
 compilation: enabled

Compilation events (10 events):
Event: 8.832 Thread 0x0000000056719800 1674       3       com.android.dx.dex.code.OutputFinisher::<init> (48 bytes)
Event: 8.833 Thread 0x0000000056719800 nmethod 1674 0x0000000002ea2750 code [0x0000000002ea28c0, 0x0000000002ea2b68]
Event: 8.833 Thread 0x0000000056719800 1675       3       com.android.dx.dex.code.RopTranslator::translateAndGetResult (48 bytes)
Event: 8.833 Thread 0x0000000056719800 nmethod 1675 0x0000000002ea2c90 code [0x0000000002ea2e60, 0x0000000002ea3378]
Event: 8.833 Thread 0x0000000056719800 1670       3       com.android.dx.rop.annotation.Annotation::<init> (54 bytes)
Event: 8.834 Thread 0x0000000056719800 nmethod 1670 0x0000000002ea35d0 code [0x0000000002ea3780, 0x0000000002ea3cf8]
Event: 8.996 Thread 0x0000000056719000 nmethod 1639 0x0000000002eab490 code [0x0000000002eabbc0, 0x0000000002eb02e0]
Event: 8.997 Thread 0x0000000056719000 1659       4       com.android.dx.rop.code.InsnList::<init> (6 bytes)
Event: 8.999 Thread 0x0000000056719000 nmethod 1659 0x0000000002e81490 code [0x0000000002e815e0, 0x0000000002e81718]
Event: 8.999 Thread 0x0000000056719000 1644       4       com.android.dx.rop.code.Rops::ropFor (771 bytes)

GC Heap History (4 events):
Event: 2.895 GC heap before
{Heap before GC invocations=1 (full 0):
 PSYoungGen      total 28672K, used 24576K [0x00000000eab00000, 0x00000000ecb00000, 0x0000000100000000)
  eden space 24576K, 100% used [0x00000000eab00000,0x00000000ec300000,0x00000000ec300000)
  from space 4096K, 0% used [0x00000000ec700000,0x00000000ec700000,0x00000000ecb00000)
  to   space 4096K, 0% used [0x00000000ec300000,0x00000000ec300000,0x00000000ec700000)
 ParOldGen       total 65536K, used 0K [0x00000000c0000000, 0x00000000c4000000, 0x00000000eab00000)
  object space 65536K, 0% used [0x00000000c0000000,0x00000000c0000000,0x00000000c4000000)
 Metaspace       used 5872K, capacity 6832K, committed 7040K, reserved 1056768K
  class space    used 594K, capacity 616K, committed 640K, reserved 1048576K
Event: 2.984 GC heap after
Heap after GC invocations=1 (full 0):
 PSYoungGen      total 28672K, used 4065K [0x00000000eab00000, 0x00000000ee300000, 0x0000000100000000)
  eden space 24576K, 0% used [0x00000000eab00000,0x00000000eab00000,0x00000000ec300000)
  from space 4096K, 99% used [0x00000000ec300000,0x00000000ec6f8458,0x00000000ec700000)
  to   space 4096K, 0% used [0x00000000edf00000,0x00000000edf00000,0x00000000ee300000)
 ParOldGen       total 65536K, used 926K [0x00000000c0000000, 0x00000000c4000000, 0x00000000eab00000)
  object space 65536K, 1% used [0x00000000c0000000,0x00000000c00e7860,0x00000000c4000000)
 Metaspace       used 5872K, capacity 6832K, committed 7040K, reserved 1056768K
  class space    used 594K, capacity 616K, committed 640K, reserved 1048576K
}
Event: 3.505 GC heap before
{Heap before GC invocations=2 (full 0):
 PSYoungGen      total 28672K, used 28641K [0x00000000eab00000, 0x00000000ee300000, 0x0000000100000000)
  eden space 24576K, 100% used [0x00000000eab00000,0x00000000ec300000,0x00000000ec300000)
  from space 4096K, 99% used [0x00000000ec300000,0x00000000ec6f8458,0x00000000ec700000)
  to   space 4096K, 0% used [0x00000000edf00000,0x00000000edf00000,0x00000000ee300000)
 ParOldGen       total 65536K, used 926K [0x00000000c0000000, 0x00000000c4000000, 0x00000000eab00000)
  object space 65536K, 1% used [0x00000000c0000000,0x00000000c00e7860,0x00000000c4000000)
 Metaspace       used 5916K, capacity 6832K, committed 7040K, reserved 1056768K
  class space    used 596K, capacity 616K, committed 640K, reserved 1048576K
Event: 3.600 GC heap after
Heap after GC invocations=2 (full 0):
 PSYoungGen      total 53248K, used 4087K [0x00000000eab00000, 0x00000000ee300000, 0x0000000100000000)
  eden space 49152K, 0% used [0x00000000eab00000,0x00000000eab00000,0x00000000edb00000)
  from space 4096K, 99% used [0x00000000edf00000,0x00000000ee2fde20,0x00000000ee300000)
  to   space 4096K, 0% used [0x00000000edb00000,0x00000000edb00000,0x00000000edf00000)
 ParOldGen       total 65536K, used 3821K [0x00000000c0000000, 0x00000000c4000000, 0x00000000eab00000)
  object space 65536K, 5% used [0x00000000c0000000,0x00000000c03bb4c8,0x00000000c4000000)
 Metaspace       used 5916K, capacity 6832K, committed 7040K, reserved 1056768K
  class space    used 596K, capacity 616K, committed 640K, reserved 1048576K
}

Deoptimization events (7 events):
Event: 2.985 Thread 0x0000000056a9b000 Uncommon trap: reason=null_check action=make_not_entrant pc=0x0000000002b1ce10 method=com.android.dx.rop.type.Type.equals(Ljava/lang/Object;)Z @ 8
Event: 3.021 Thread 0x0000000056a98800 Uncommon trap: reason=null_check action=make_not_entrant pc=0x0000000002b63d24 method=com.android.dx.ssa.SsaRenamer.getLocalForNewReg(I)Lcom/android/dx/rop/code/LocalItem; @ 19
Event: 3.410 Thread 0x000000000018f800 Uncommon trap: reason=unreached action=reinterpret pc=0x0000000002a744c4 method=com.android.dx.rop.cst.Constant.compareTo(Lcom/android/dx/rop/cst/Constant;)I @ 12
Event: 7.094 Thread 0x0000000056a98800 Uncommon trap: reason=unreached action=reinterpret pc=0x0000000002d1c378 method=com.android.dx.ssa.SCCP.simulateBranch(Lcom/android/dx/ssa/SsaInsn;)V @ 132
Event: 8.292 Thread 0x0000000056987800 Uncommon trap: reason=uninitialized action=reinterpret pc=0x0000000002dbaad4 method=com.android.dx.cf.code.BytecodeArray.parseInstruction(ILcom/android/dx/cf/code/BytecodeArray$Visitor;)I @ 999
Event: 8.323 Thread 0x0000000056987800 Uncommon trap: reason=bimorphic action=maybe_recompile pc=0x0000000002cbf744 method=java.util.HashMap.putVal(ILjava/lang/Object;Ljava/lang/Object;ZZ)Ljava/lang/Object; @ 203
Event: 8.801 Thread 0x000000000018f800 Uncommon trap: reason=unloaded action=reinterpret pc=0x0000000002d5ff90 method=com.android.dx.cf.cst.ConstantPoolParser.parse0(ILjava/util/BitSet;)Lcom/android/dx/rop/cst/Constant; @ 198

Internal exceptions (10 events):
Event: 2.332 Thread 0x000000000018f800 Exception <a 'java/security/PrivilegedActionException'> (0x00000000eb83fdc0) thrown at [D:\re\workspace\8-2-build-windows-amd64-cygwin\jdk8u20\1074\hotspot\src\share\vm\prims\jvm.cpp, line 1275]
Event: 2.425 Thread 0x0000000056a9b000 Exception <a 'java/security/PrivilegedActionException'> (0x00000000ebb5ecd8) thrown at [D:\re\workspace\8-2-build-windows-amd64-cygwin\jdk8u20\1074\hotspot\src\share\vm\prims\jvm.cpp, line 1275]
Event: 2.425 Thread 0x0000000056987800 Exception <a 'java/security/PrivilegedActionException'> (0x00000000eb738be0) thrown at [D:\re\workspace\8-2-build-windows-amd64-cygwin\jdk8u20\1074\hotspot\src\share\vm\prims\jvm.cpp, line 1275]
Event: 2.527 Thread 0x0000000056a9b000 Exception <a 'java/security/PrivilegedActionException'> (0x00000000ebc2ab98) thrown at [D:\re\workspace\8-2-build-windows-amd64-cygwin\jdk8u20\1074\hotspot\src\share\vm\prims\jvm.cpp, line 1275]
Event: 2.815 Thread 0x0000000056987800 Exception <a 'java/security/PrivilegedActionException'> (0x00000000ebe382a0) thrown at [D:\re\workspace\8-2-build-windows-amd64-cygwin\jdk8u20\1074\hotspot\src\share\vm\prims\jvm.cpp, line 1275]
Event: 2.985 Thread 0x0000000056a9b000 Implicit null exception at 0x0000000002b1cd12 to 0x0000000002b1ce02
Event: 3.021 Thread 0x0000000056a98800 Implicit null exception at 0x0000000002b61a1c to 0x0000000002b63cfd
Event: 3.066 Thread 0x000000005699b800 Exception <a 'java/security/PrivilegedActionException'> (0x00000000eaef5710) thrown at [D:\re\workspace\8-2-build-windows-amd64-cygwin\jdk8u20\1074\hotspot\src\share\vm\prims\jvm.cpp, line 1275]
Event: 6.841 Thread 0x000000000018f800 Exception <a 'java/security/PrivilegedActionException'> (0x00000000eb5917a0) thrown at [D:\re\workspace\8-2-build-windows-amd64-cygwin\jdk8u20\1074\hotspot\src\share\vm\prims\jvm.cpp, line 1275]
Event: 7.062 Thread 0x0000000056a98800 Exception <a 'java/security/PrivilegedActionException'> (0x00000000eb792160) thrown at [D:\re\workspace\8-2-build-windows-amd64-cygwin\jdk8u20\1074\hotspot\src\share\vm\prims\jvm.cpp, line 1275]

Events (10 events):
Event: 7.240 Thread 0x0000000056a98800 DEOPT UNPACKING pc=0x00000000028475bf sp=0x00000000570cecf0 mode 0
Event: 8.292 Thread 0x0000000056987800 Uncommon trap: trap_request=0xffffffb5 fr.pc=0x0000000002dbaad4
Event: 8.292 Thread 0x0000000056987800 DEOPT PACKING pc=0x0000000002dbaad4 sp=0x000000005752e7b0
Event: 8.292 Thread 0x0000000056987800 DEOPT UNPACKING pc=0x000000000284556a sp=0x000000005752e740 mode 2
Event: 8.323 Thread 0x0000000056987800 Uncommon trap: trap_request=0xffffffc6 fr.pc=0x0000000002cbf744
Event: 8.323 Thread 0x0000000056987800 DEOPT PACKING pc=0x0000000002cbf744 sp=0x000000005752e4b0
Event: 8.323 Thread 0x0000000056987800 DEOPT UNPACKING pc=0x000000000284556a sp=0x000000005752e428 mode 2
Event: 8.801 Thread 0x000000000018f800 Uncommon trap: trap_request=0x000000d0 fr.pc=0x0000000002d5ff90
Event: 8.801 Thread 0x000000000018f800 DEOPT PACKING pc=0x0000000002d5ff90 sp=0x00000000027fe9a0
Event: 8.801 Thread 0x000000000018f800 DEOPT UNPACKING pc=0x000000000284556a sp=0x00000000027fe9c8 mode 2


Dynamic libraries:
0x000000013ff00000 - 0x000000013ff34000 	C:\Program Files\Java\jdk1.8.0_20\bin\java.exe
0x00000000773c0000 - 0x0000000077569000 	C:\Windows\SYSTEM32\ntdll.dll
0x00000000772a0000 - 0x00000000773bf000 	C:\Windows\system32\kernel32.dll
0x000007fefd570000 - 0x000007fefd5db000 	C:\Windows\system32\KERNELBASE.dll
0x000007fefd740000 - 0x000007fefd81b000 	C:\Windows\system32\ADVAPI32.dll
0x000007feff590000 - 0x000007feff62f000 	C:\Windows\system32\msvcrt.dll
0x000007feff010000 - 0x000007feff02f000 	C:\Windows\SYSTEM32\sechost.dll
0x000007fefdb00000 - 0x000007fefdc2d000 	C:\Windows\system32\RPCRT4.dll
0x00000000771a0000 - 0x000000007729a000 	C:\Windows\system32\USER32.dll
0x000007feff370000 - 0x000007feff3d7000 	C:\Windows\system32\GDI32.dll
0x000007feff2c0000 - 0x000007feff2ce000 	C:\Windows\system32\LPK.dll
0x000007feff4c0000 - 0x000007feff589000 	C:\Windows\system32\USP10.dll
0x000007fefbe90000 - 0x000007fefc084000 	C:\Windows\WinSxS\amd64_microsoft.windows.common-controls_6595b64144ccf1df_6.0.7601.17514_none_fa396087175ac9ac\COMCTL32.dll
0x000007fefd9a0000 - 0x000007fefda11000 	C:\Windows\system32\SHLWAPI.dll
0x000007fefda30000 - 0x000007fefda5e000 	C:\Windows\system32\IMM32.DLL
0x000007feff030000 - 0x000007feff139000 	C:\Windows\system32\MSCTF.dll
0x000000006bc90000 - 0x000000006bd62000 	C:\Program Files\Java\jdk1.8.0_20\jre\bin\msvcr100.dll
0x000000006cd70000 - 0x000000006d5c8000 	C:\Program Files\Java\jdk1.8.0_20\jre\bin\server\jvm.dll
0x000007fef8dd0000 - 0x000007fef8dd9000 	C:\Windows\system32\WSOCK32.dll
0x000007feff270000 - 0x000007feff2bd000 	C:\Windows\system32\WS2_32.dll
0x000007fefda20000 - 0x000007fefda28000 	C:\Windows\system32\NSI.dll
0x000007fef8880000 - 0x000007fef88bb000 	C:\Windows\system32\WINMM.dll
0x0000000077580000 - 0x0000000077587000 	C:\Windows\system32\PSAPI.DLL
0x0000000074200000 - 0x000000007420f000 	C:\Program Files\Java\jdk1.8.0_20\jre\bin\verify.dll
0x00000000741d0000 - 0x00000000741f8000 	C:\Program Files\Java\jdk1.8.0_20\jre\bin\java.dll
0x0000000073e70000 - 0x0000000073e86000 	C:\Program Files\Java\jdk1.8.0_20\jre\bin\zip.dll
0x000007fefdc30000 - 0x000007fefe9b8000 	C:\Windows\system32\SHELL32.dll
0x000007fefee00000 - 0x000007feff003000 	C:\Windows\system32\ole32.dll
0x000007fefd310000 - 0x000007fefd31f000 	C:\Windows\system32\profapi.dll

VM Arguments:
jvm_args: -Djava.awt.headless=true -Xmx1024M -Dfile.encoding=GBK -Duser.country=CN -Duser.language=zh -Duser.variant 
java_command: com.android.dx.command.Main --dex --num-threads=4 --output E:\android_workspace\AutoLayout\app\build\intermediates\pre-dexed\debug\com.android.support-appcompat-v7-23.4.0_11d3c9ff5df2201b955565fb626532585ebafd65.jar E:\android_workspace\AutoLayout\app\build\intermediates\exploded-aar\com.android.support\appcompat-v7\23.4.0\jars\classes.jar
java_class_path (initial): D:\android-studio\sdk\build-tools\23.0.2\lib\dx.jar
Launcher Type: SUN_STANDARD

Environment Variables:
JAVA_HOME=C:\Program Files\Java\jdk1.8.0_20
CLASSPATH=.;C:\Program Files\Java\jdk1.8.0_20\lib;C:\Program Files\Java\jdk1.8.0_20\lib\tools.jar;C:\Program Files\Java\jdk1.8.0_20\lib\dt.jar;
PATH=D:\Program Files (x86)\Python27\;D:\Program Files (x86)\Python27\Scripts;C:\Program Files\Java\jdk1.8.0_20\bin;C:\ProgramData\Oracle\Java\javapath;C:\Program Files (x86)\AMD APP\bin\x86_64;C:\Program Files (x86)\AMD APP\bin\x86;C:\Windows\system32;C:\Windows;C:\Windows\System32\Wbem;C:\Windows\System32\WindowsPowerShell\v1.0\;C:\Program Files\Intel\WiFi\bin\;C:\Program Files\Common Files\Intel\WirelessCommon\;C:\Program Files (x86)\ATI Technologies\ATI.ACE\Core-Static;C:\Program Files\Microsoft\Web Platform Installer\;C:\Program Files (x86)\Microsoft ASP.NET\ASP.NET Web Pages\v1.0\;D:\Program Files\MySQL\MySQL Server 5.5\bin;C:\Program Files\MySQL\MySQL Server 5.5\bin;D:\android-studio\sdk\platform-tools;D:\android-studio\sdk\tools;d:\Program Files\Git\cmd;D:\Program Files\nodejs\;D:\Program Files\VisualSVN Server\bin;D:\Program Files\TortoiseSVN\bin;C:\Program Files\Intel\WiFi\bin\;C:\Program Files\Common Files\Intel\WirelessCommon\;C:\Users\thinkpad\AppData\Roaming\npm
USERNAME=thinkpad
OS=Windows_NT
PROCESSOR_IDENTIFIER=Intel64 Family 6 Model 42 Stepping 7, GenuineIntel



---------------  S Y S T E M  ---------------

OS: Windows 7 , 64 bit Build 7601 Service Pack 1

CPU:total 4 (2 cores per cpu, 2 threads per core) family 6 model 42 stepping 7, cmov, cx8, fxsr, mmx, sse, sse2, sse3, ssse3, sse4.1, sse4.2, popcnt, avx, clmul, ht, tsc, tscinvbit

Memory: 4k page, physical 6200560k(1341900k free), swap 6198700k(4900k free)

vm_info: Java HotSpot(TM) 64-Bit Server VM (25.20-b23) for windows-amd64 JRE (1.8.0_20-b26), built on Jul 30 2014 13:51:23 by "java_re" with MS VC++ 10.0 (VS2010)

time: Sat Jun 24 23:51:59 2017
elapsed time: 9 seconds (0d 0h 0m 9s)

