#
# There is insufficient memory for the Java Runtime Environment to continue.
# Native memory allocation (malloc) failed to allocate 62704 bytes for Chunk::new
# Possible reasons:
#   The system is out of physical RAM or swap space
#   In 32 bit mode, the process size limit was hit
# Possible solutions:
#   Reduce memory load on the system
#   Increase physical memory or swap space
#   Check if swap backing store is full
#   Use 64 bit Java on a 64 bit OS
#   Decrease Java heap size (-Xmx/-Xms)
#   Decrease number of Java threads
#   Decrease Java thread stack sizes (-Xss)
#   Set larger code cache with -XX:ReservedCodeCacheSize=
# This output file may be truncated or incomplete.
#
#  Out of Memory Error (allocation.cpp:390), pid=2332, tid=7328
#
# JRE version: Java(TM) SE Runtime Environment (8.0_20-b26) (build 1.8.0_20-b26)
# Java VM: Java HotSpot(TM) 64-Bit Server VM (25.20-b23 mixed mode windows-amd64 compressed oops)
# Failed to write core dump. Minidumps are not enabled by default on client versions of Windows
#

---------------  T H R E A D  ---------------

Current thread (0x000000005504d000):  JavaThread "C2 CompilerThread0" daemon [_thread_in_native, id=7328, stack(0x0000000056e60000,0x0000000056f60000)]

Stack: [0x0000000056e60000,0x0000000056f60000]
Native frames: (J=compiled Java code, j=interpreted, Vv=VM code, C=native code)
V  [jvm.dll+0x3152fa]


Current CompileTask:
C2:   9155 1367       4       com.android.dx.ssa.SsaRenamer$BlockRenamer::processResultReg (56 bytes)


---------------  P R O C E S S  ---------------

Java Threads: ( => current thread )
  0x0000000056824800 JavaThread "pool-1-thread-4" [_thread_blocked, id=7432, stack(0x00000000583c0000,0x00000000584c0000)]
  0x0000000056824000 JavaThread "pool-1-thread-3" [_thread_blocked, id=7448, stack(0x0000000058210000,0x0000000058310000)]
  0x0000000056823800 JavaThread "pool-1-thread-2" [_thread_blocked, id=7460, stack(0x0000000057120000,0x0000000057220000)]
  0x0000000056822800 JavaThread "pool-2-thread-1" [_thread_blocked, id=7468, stack(0x0000000057fd0000,0x00000000580d0000)]
  0x00000000567b1000 JavaThread "pool-1-thread-1" [_thread_blocked, id=7452, stack(0x0000000057e30000,0x0000000057f30000)]
  0x00000000564ea000 JavaThread "Service Thread" daemon [_thread_blocked, id=7384, stack(0x0000000057240000,0x0000000057340000)]
  0x00000000564e7800 JavaThread "C1 CompilerThread2" daemon [_thread_blocked, id=7276, stack(0x0000000056d50000,0x0000000056e50000)]
  0x00000000564e6000 JavaThread "C2 CompilerThread1" daemon [_thread_in_native, id=7304, stack(0x0000000057000000,0x0000000057100000)]
=>0x000000005504d000 JavaThread "C2 CompilerThread0" daemon [_thread_in_native, id=7328, stack(0x0000000056e60000,0x0000000056f60000)]
  0x00000000564da800 JavaThread "Attach Listener" daemon [_thread_blocked, id=7332, stack(0x0000000056ba0000,0x0000000056ca0000)]
  0x000000005503c000 JavaThread "Signal Dispatcher" daemon [_thread_blocked, id=7344, stack(0x00000000569b0000,0x0000000056ab0000)]
  0x0000000054fdf000 JavaThread "Finalizer" daemon [_thread_blocked, id=7220, stack(0x00000000563d0000,0x00000000564d0000)]
  0x0000000054fdb800 JavaThread "Reference Handler" daemon [_thread_blocked, id=1232, stack(0x0000000056060000,0x0000000056160000)]
  0x000000000255f800 JavaThread "main" [_thread_blocked, id=7192, stack(0x00000000026c0000,0x00000000027c0000)]

Other Threads:
  0x0000000054fd6000 VMThread [stack: 0x00000000561c0000,0x00000000562c0000] [id=7232]
  0x00000000564ee000 WatcherThread [stack: 0x0000000057420000,0x0000000057520000] [id=7352]

VM state:not at safepoint (normal execution)

VM Mutex/Monitor currently owned by a thread: None

Heap:
 PSYoungGen      total 28672K, used 22414K [0x00000000eab00000, 0x00000000ee300000, 0x0000000100000000)
  eden space 24576K, 74% used [0x00000000eab00000,0x00000000ebce9ae0,0x00000000ec300000)
  from space 4096K, 99% used [0x00000000ec300000,0x00000000ec6fa088,0x00000000ec700000)
  to   space 4096K, 0% used [0x00000000edf00000,0x00000000edf00000,0x00000000ee300000)
 ParOldGen       total 65536K, used 396K [0x00000000c0000000, 0x00000000c4000000, 0x00000000eab00000)
  object space 65536K, 0% used [0x00000000c0000000,0x00000000c0063000,0x00000000c4000000)
 Metaspace       used 6050K, capacity 6960K, committed 7040K, reserved 1056768K
  class space    used 590K, capacity 616K, committed 640K, reserved 1048576K

Card table byte_map: [0x0000000011b80000,0x0000000011d90000] byte_map_base: 0x0000000011580000

Marking Bits: (ParMarkBitMap*) 0x000000006d54b460
 Begin Bits: [0x0000000012450000, 0x0000000013450000)
 End Bits:   [0x0000000013450000, 0x0000000014450000)

Polling page: 0x0000000000430000

CodeCache: size=245760Kb used=5420Kb max_used=5420Kb free=240339Kb
 bounds [0x00000000027c0000, 0x0000000002d10000, 0x00000000117c0000]
 total_blobs=1652 nmethods=1385 adapters=180
 compilation: disabled (not enough contiguous free space left)

Compilation events (10 events):
Event: 9.088 Thread 0x00000000564e7800 nmethod 1373 0x0000000002cfc110 code [0x0000000002cfc300, 0x0000000002cfcf18]
Event: 9.088 Thread 0x00000000564e7800 1374       3       com.android.dx.util.LabeledList::removeLabel (10 bytes)
Event: 9.088 Thread 0x00000000564e7800 nmethod 1374 0x0000000002cf9910 code [0x0000000002cf9a80, 0x0000000002cf9ca8]
Event: 9.088 Thread 0x00000000564e7800 1375       3       com.android.dx.rop.cst.CstKnownNull::hashCode (3 bytes)
Event: 9.088 Thread 0x00000000564e7800 nmethod 1375 0x0000000002ce9050 code [0x0000000002ce91a0, 0x0000000002ce92f0]
Event: 9.091 Thread 0x00000000564e7800 1376       3       com.android.dx.dex.code.OutputFinisher::hasLocalInfo (20 bytes)
Event: 9.091 Thread 0x00000000564e7800 nmethod 1376 0x0000000002cf9450 code [0x0000000002cf95c0, 0x0000000002cf9850]
Event: 9.091 Thread 0x00000000564e7800 1377       3       com.android.dx.ssa.DomFront::<init> (60 bytes)
Event: 9.092 Thread 0x00000000564e7800 nmethod 1377 0x0000000002cfd150 code [0x0000000002cfd2e0, 0x0000000002cfd910]
Event: 9.092 Thread 0x00000000564e7800 1378       3       com.android.dx.ssa.DomFront::run (264 bytes)

GC Heap History (2 events):
Event: 5.269 GC heap before
{Heap before GC invocations=1 (full 0):
 PSYoungGen      total 28672K, used 24576K [0x00000000eab00000, 0x00000000ecb00000, 0x0000000100000000)
  eden space 24576K, 100% used [0x00000000eab00000,0x00000000ec300000,0x00000000ec300000)
  from space 4096K, 0% used [0x00000000ec700000,0x00000000ec700000,0x00000000ecb00000)
  to   space 4096K, 0% used [0x00000000ec300000,0x00000000ec300000,0x00000000ec700000)
 ParOldGen       total 65536K, used 0K [0x00000000c0000000, 0x00000000c4000000, 0x00000000eab00000)
  object space 65536K, 0% used [0x00000000c0000000,0x00000000c0000000,0x00000000c4000000)
 Metaspace       used 5879K, capacity 6832K, committed 7040K, reserved 1056768K
  class space    used 588K, capacity 616K, committed 640K, reserved 1048576K
Event: 5.668 GC heap after
Heap after GC invocations=1 (full 0):
 PSYoungGen      total 28672K, used 4072K [0x00000000eab00000, 0x00000000ee300000, 0x0000000100000000)
  eden space 24576K, 0% used [0x00000000eab00000,0x00000000eab00000,0x00000000ec300000)
  from space 4096K, 99% used [0x00000000ec300000,0x00000000ec6fa088,0x00000000ec700000)
  to   space 4096K, 0% used [0x00000000edf00000,0x00000000edf00000,0x00000000ee300000)
 ParOldGen       total 65536K, used 396K [0x00000000c0000000, 0x00000000c4000000, 0x00000000eab00000)
  object space 65536K, 0% used [0x00000000c0000000,0x00000000c0063000,0x00000000c4000000)
 Metaspace       used 5879K, capacity 6832K, committed 7040K, reserved 1056768K
  class space    used 588K, capacity 616K, committed 640K, reserved 1048576K
}

Deoptimization events (1 events):
Event: 4.801 Thread 0x0000000056823800 Uncommon trap: reason=unreached action=reinterpret pc=0x0000000002b49544 method=com.android.dx.rop.cst.Constant.compareTo(Lcom/android/dx/rop/cst/Constant;)I @ 12

Internal exceptions (10 events):
Event: 1.908 Thread 0x0000000056824000 Exception <a 'java/security/PrivilegedActionException'> (0x00000000ebaca498) thrown at [D:\re\workspace\8-2-build-windows-amd64-cygwin\jdk8u20\1074\hotspot\src\share\vm\prims\jvm.cpp, line 1275]
Event: 1.914 Thread 0x0000000056823800 Exception <a 'java/security/PrivilegedActionException'> (0x00000000eb952ca0) thrown at [D:\re\workspace\8-2-build-windows-amd64-cygwin\jdk8u20\1074\hotspot\src\share\vm\prims\jvm.cpp, line 1275]
Event: 1.915 Thread 0x0000000056823800 Exception <a 'java/security/PrivilegedActionException'> (0x00000000eb958d38) thrown at [D:\re\workspace\8-2-build-windows-amd64-cygwin\jdk8u20\1074\hotspot\src\share\vm\prims\jvm.cpp, line 1275]
Event: 1.916 Thread 0x0000000056823800 Exception <a 'java/security/PrivilegedActionException'> (0x00000000eb95d488) thrown at [D:\re\workspace\8-2-build-windows-amd64-cygwin\jdk8u20\1074\hotspot\src\share\vm\prims\jvm.cpp, line 1275]
Event: 1.935 Thread 0x0000000056823800 Exception <a 'java/security/PrivilegedActionException'> (0x00000000ebb42f48) thrown at [D:\re\workspace\8-2-build-windows-amd64-cygwin\jdk8u20\1074\hotspot\src\share\vm\prims\jvm.cpp, line 1275]
Event: 1.937 Thread 0x0000000056824000 Exception <a 'java/security/PrivilegedActionException'> (0x00000000ebaec358) thrown at [D:\re\workspace\8-2-build-windows-amd64-cygwin\jdk8u20\1074\hotspot\src\share\vm\prims\jvm.cpp, line 1275]
Event: 1.951 Thread 0x0000000056823800 Exception <a 'java/security/PrivilegedActionException'> (0x00000000ebb55938) thrown at [D:\re\workspace\8-2-build-windows-amd64-cygwin\jdk8u20\1074\hotspot\src\share\vm\prims\jvm.cpp, line 1275]
Event: 1.986 Thread 0x0000000056823800 Exception <a 'java/security/PrivilegedActionException'> (0x00000000ebc318e0) thrown at [D:\re\workspace\8-2-build-windows-amd64-cygwin\jdk8u20\1074\hotspot\src\share\vm\prims\jvm.cpp, line 1275]
Event: 2.214 Thread 0x000000000255f800 Exception <a 'java/security/PrivilegedActionException'> (0x00000000ebdc6a70) thrown at [D:\re\workspace\8-2-build-windows-amd64-cygwin\jdk8u20\1074\hotspot\src\share\vm\prims\jvm.cpp, line 1275]
Event: 2.219 Thread 0x0000000056823800 Exception <a 'java/security/PrivilegedActionException'> (0x00000000ebc92180) thrown at [D:\re\workspace\8-2-build-windows-amd64-cygwin\jdk8u20\1074\hotspot\src\share\vm\prims\jvm.cpp, line 1275]

Events (10 events):
Event: 5.269 Executing VM operation: ParallelGCFailedAllocation
Event: 5.668 Executing VM operation: ParallelGCFailedAllocation done
Event: 5.668 loading class sun/misc/Cleaner
Event: 5.669 loading class sun/misc/Cleaner done
Event: 5.674 loading class java/util/TreeMap$EntrySet
Event: 5.674 loading class java/util/TreeMap$EntrySet done
Event: 5.674 loading class java/util/TreeMap$EntryIterator
Event: 5.674 loading class java/util/TreeMap$EntryIterator done
Event: 5.674 Executing VM operation: Deoptimize
Event: 5.675 Executing VM operation: Deoptimize done


Dynamic libraries:
0x000000013ff00000 - 0x000000013ff34000 	C:\Program Files\Java\jdk1.8.0_20\bin\java.exe
0x00000000773c0000 - 0x0000000077569000 	C:\Windows\SYSTEM32\ntdll.dll
0x00000000772a0000 - 0x00000000773bf000 	C:\Windows\system32\kernel32.dll
0x000007fefd570000 - 0x000007fefd5db000 	C:\Windows\system32\KERNELBASE.dll
0x000007fefd740000 - 0x000007fefd81b000 	C:\Windows\system32\ADVAPI32.dll
0x000007feff590000 - 0x000007feff62f000 	C:\Windows\system32\msvcrt.dll
0x000007feff010000 - 0x000007feff02f000 	C:\Windows\SYSTEM32\sechost.dll
0x000007fefdb00000 - 0x000007fefdc2d000 	C:\Windows\system32\RPCRT4.dll
0x00000000771a0000 - 0x000000007729a000 	C:\Windows\system32\USER32.dll
0x000007feff370000 - 0x000007feff3d7000 	C:\Windows\system32\GDI32.dll
0x000007feff2c0000 - 0x000007feff2ce000 	C:\Windows\system32\LPK.dll
0x000007feff4c0000 - 0x000007feff589000 	C:\Windows\system32\USP10.dll
0x000007fefbe90000 - 0x000007fefc084000 	C:\Windows\WinSxS\amd64_microsoft.windows.common-controls_6595b64144ccf1df_6.0.7601.17514_none_fa396087175ac9ac\COMCTL32.dll
0x000007fefd9a0000 - 0x000007fefda11000 	C:\Windows\system32\SHLWAPI.dll
0x000007fefda30000 - 0x000007fefda5e000 	C:\Windows\system32\IMM32.DLL
0x000007feff030000 - 0x000007feff139000 	C:\Windows\system32\MSCTF.dll
0x000000006bc90000 - 0x000000006bd62000 	C:\Program Files\Java\jdk1.8.0_20\jre\bin\msvcr100.dll
0x000000006cd70000 - 0x000000006d5c8000 	C:\Program Files\Java\jdk1.8.0_20\jre\bin\server\jvm.dll
0x000007fef8dd0000 - 0x000007fef8dd9000 	C:\Windows\system32\WSOCK32.dll
0x000007feff270000 - 0x000007feff2bd000 	C:\Windows\system32\WS2_32.dll
0x000007fefda20000 - 0x000007fefda28000 	C:\Windows\system32\NSI.dll
0x000007fef8880000 - 0x000007fef88bb000 	C:\Windows\system32\WINMM.dll
0x0000000077580000 - 0x0000000077587000 	C:\Windows\system32\PSAPI.DLL
0x0000000074200000 - 0x000000007420f000 	C:\Program Files\Java\jdk1.8.0_20\jre\bin\verify.dll
0x00000000741d0000 - 0x00000000741f8000 	C:\Program Files\Java\jdk1.8.0_20\jre\bin\java.dll
0x0000000073e70000 - 0x0000000073e86000 	C:\Program Files\Java\jdk1.8.0_20\jre\bin\zip.dll
0x000007fefdc30000 - 0x000007fefe9b8000 	C:\Windows\system32\SHELL32.dll
0x000007fefee00000 - 0x000007feff003000 	C:\Windows\system32\ole32.dll
0x000007fefd310000 - 0x000007fefd31f000 	C:\Windows\system32\profapi.dll

VM Arguments:
jvm_args: -Djava.awt.headless=true -Xmx1024M -Dfile.encoding=GBK -Duser.country=CN -Duser.language=zh -Duser.variant 
java_command: com.android.dx.command.Main --dex --num-threads=4 --output E:\android_workspace\AutoLayout\app\build\intermediates\pre-dexed\debug\internal_impl-23.4.0_c8d006a7be914ed7edac6a851216f4a61740e3e3.jar E:\android_workspace\AutoLayout\app\build\intermediates\exploded-aar\com.android.support\support-v4\23.4.0\jars\libs\internal_impl-23.4.0.jar
java_class_path (initial): D:\android-studio\sdk\build-tools\23.0.2\lib\dx.jar
Launcher Type: SUN_STANDARD

Environment Variables:
JAVA_HOME=C:\Program Files\Java\jdk1.8.0_20
CLASSPATH=.;C:\Program Files\Java\jdk1.8.0_20\lib;C:\Program Files\Java\jdk1.8.0_20\lib\tools.jar;C:\Program Files\Java\jdk1.8.0_20\lib\dt.jar;
PATH=D:\Program Files (x86)\Python27\;D:\Program Files (x86)\Python27\Scripts;C:\Program Files\Java\jdk1.8.0_20\bin;C:\ProgramData\Oracle\Java\javapath;C:\Program Files (x86)\AMD APP\bin\x86_64;C:\Program Files (x86)\AMD APP\bin\x86;C:\Windows\system32;C:\Windows;C:\Windows\System32\Wbem;C:\Windows\System32\WindowsPowerShell\v1.0\;C:\Program Files\Intel\WiFi\bin\;C:\Program Files\Common Files\Intel\WirelessCommon\;C:\Program Files (x86)\ATI Technologies\ATI.ACE\Core-Static;C:\Program Files\Microsoft\Web Platform Installer\;C:\Program Files (x86)\Microsoft ASP.NET\ASP.NET Web Pages\v1.0\;D:\Program Files\MySQL\MySQL Server 5.5\bin;C:\Program Files\MySQL\MySQL Server 5.5\bin;D:\android-studio\sdk\platform-tools;D:\android-studio\sdk\tools;d:\Program Files\Git\cmd;D:\Program Files\nodejs\;D:\Program Files\VisualSVN Server\bin;D:\Program Files\TortoiseSVN\bin;C:\Program Files\Intel\WiFi\bin\;C:\Program Files\Common Files\Intel\WirelessCommon\;C:\Users\thinkpad\AppData\Roaming\npm
USERNAME=thinkpad
OS=Windows_NT
PROCESSOR_IDENTIFIER=Intel64 Family 6 Model 42 Stepping 7, GenuineIntel



---------------  S Y S T E M  ---------------

OS: Windows 7 , 64 bit Build 7601 Service Pack 1

CPU:total 4 (2 cores per cpu, 2 threads per core) family 6 model 42 stepping 7, cmov, cx8, fxsr, mmx, sse, sse2, sse3, ssse3, sse4.1, sse4.2, popcnt, avx, clmul, ht, tsc, tscinvbit

Memory: 4k page, physical 6200560k(1341900k free), swap 6198700k(4988k free)

vm_info: Java HotSpot(TM) 64-Bit Server VM (25.20-b23) for windows-amd64 JRE (1.8.0_20-b26), built on Jul 30 2014 13:51:23 by "java_re" with MS VC++ 10.0 (VS2010)

time: Sat Jun 24 23:51:59 2017
elapsed time: 9 seconds (0d 0h 0m 9s)

