#
# There is insufficient memory for the Java Runtime Environment to continue.
# Native memory allocation (malloc) failed to allocate 272016 bytes for Chunk::new
# Possible reasons:
#   The system is out of physical RAM or swap space
#   In 32 bit mode, the process size limit was hit
# Possible solutions:
#   Reduce memory load on the system
#   Increase physical memory or swap space
#   Check if swap backing store is full
#   Use 64 bit Java on a 64 bit OS
#   Decrease Java heap size (-Xmx/-Xms)
#   Decrease number of Java threads
#   Decrease Java thread stack sizes (-Xss)
#   Set larger code cache with -XX:ReservedCodeCacheSize=
# This output file may be truncated or incomplete.
#
#  Out of Memory Error (allocation.cpp:390), pid=2684, tid=7108
#
# JRE version: Java(TM) SE Runtime Environment (8.0_20-b26) (build 1.8.0_20-b26)
# Java VM: Java HotSpot(TM) 64-Bit Server VM (25.20-b23 mixed mode windows-amd64 compressed oops)
# Failed to write core dump. Minidumps are not enabled by default on client versions of Windows
#

---------------  T H R E A D  ---------------

Current thread (0x00000000564f4000):  JavaThread "C2 CompilerThread1" daemon [_thread_in_native, id=7108, stack(0x0000000056cb0000,0x0000000056db0000)]

Stack: [0x0000000056cb0000,0x0000000056db0000]
Native frames: (J=compiled Java code, j=interpreted, Vv=VM code, C=native code)
V  [jvm.dll+0x3152fa]


Current CompileTask:
C2:   9171 1680   !   4       com.android.dx.cf.code.BytecodeArray::parseInstruction (2764 bytes)


---------------  P R O C E S S  ---------------

Java Threads: ( => current thread )
  0x000000005689d800 JavaThread "pool-1-thread-4" [_thread_blocked, id=7444, stack(0x00000000580f0000,0x00000000581f0000)]
  0x00000000568d8800 JavaThread "pool-1-thread-3" [_thread_blocked, id=7464, stack(0x0000000057c50000,0x0000000057d50000)]
  0x0000000056798800 JavaThread "pool-1-thread-2" [_thread_blocked, id=7408, stack(0x0000000057f50000,0x0000000058050000)]
  0x0000000056798000 JavaThread "pool-2-thread-1" [_thread_blocked, id=7420, stack(0x0000000057d80000,0x0000000057e80000)]
  0x00000000567b6800 JavaThread "pool-1-thread-1" [_thread_in_Java, id=7428, stack(0x0000000057b10000,0x0000000057c10000)]
  0x00000000564f7800 JavaThread "Service Thread" daemon [_thread_blocked, id=7364, stack(0x0000000056e80000,0x0000000056f80000)]
  0x00000000564f5800 JavaThread "C1 CompilerThread2" daemon [_thread_blocked, id=7312, stack(0x0000000056fa0000,0x00000000570a0000)]
=>0x00000000564f4000 JavaThread "C2 CompilerThread1" daemon [_thread_in_native, id=7108, stack(0x0000000056cb0000,0x0000000056db0000)]
  0x000000005515b000 JavaThread "C2 CompilerThread0" daemon [_thread_blocked, id=7272, stack(0x0000000056ac0000,0x0000000056bc0000)]
  0x00000000564ea800 JavaThread "Attach Listener" daemon [_thread_blocked, id=7268, stack(0x00000000562b0000,0x00000000563b0000)]
  0x000000005514c000 JavaThread "Signal Dispatcher" daemon [_thread_blocked, id=7380, stack(0x0000000056920000,0x0000000056a20000)]
  0x00000000550ef000 JavaThread "Finalizer" daemon [_thread_blocked, id=7336, stack(0x00000000563e0000,0x00000000564e0000)]
  0x00000000550eb800 JavaThread "Reference Handler" daemon [_thread_blocked, id=7372, stack(0x0000000056110000,0x0000000056210000)]
  0x000000000240f800 JavaThread "main" [_thread_blocked, id=7280, stack(0x0000000002640000,0x0000000002740000)]

Other Threads:
  0x00000000550e6000 VMThread [stack: 0x0000000055f60000,0x0000000056060000] [id=7316]
  0x00000000564fc000 WatcherThread [stack: 0x0000000057200000,0x0000000057300000] [id=7388]

VM state:not at safepoint (normal execution)

VM Mutex/Monitor currently owned by a thread: None

Heap:
 PSYoungGen      total 53248K, used 12342K [0x00000000eab00000, 0x00000000f1300000, 0x0000000100000000)
  eden space 49152K, 16% used [0x00000000eab00000,0x00000000eb3104b8,0x00000000edb00000)
  from space 4096K, 99% used [0x00000000edb00000,0x00000000edefd358,0x00000000edf00000)
  to   space 4096K, 0% used [0x00000000f0f00000,0x00000000f0f00000,0x00000000f1300000)
 ParOldGen       total 65536K, used 8482K [0x00000000c0000000, 0x00000000c4000000, 0x00000000eab00000)
  object space 65536K, 12% used [0x00000000c0000000,0x00000000c0848a38,0x00000000c4000000)
 Metaspace       used 6210K, capacity 7088K, committed 7296K, reserved 1056768K
  class space    used 596K, capacity 616K, committed 640K, reserved 1048576K

Card table byte_map: [0x0000000011b00000,0x0000000011d10000] byte_map_base: 0x0000000011500000

Marking Bits: (ParMarkBitMap*) 0x000000006d54b460
 Begin Bits: [0x0000000012560000, 0x0000000013560000)
 End Bits:   [0x0000000013560000, 0x0000000014560000)

Polling page: 0x0000000002340000

CodeCache: size=245760Kb used=7247Kb max_used=7268Kb free=238512Kb
 bounds [0x0000000002740000, 0x0000000002e60000, 0x0000000011740000]
 total_blobs=1940 nmethods=1673 adapters=180
 compilation: disabled (not enough contiguous free space left)

Compilation events (10 events):
Event: 9.085 Thread 0x00000000564f5800 1691       3       com.android.dx.ssa.Optimizer::optimize (16 bytes)
Event: 9.085 Thread 0x00000000564f5800 nmethod 1691 0x0000000002e42790 code [0x0000000002e42920, 0x0000000002e42c08]
Event: 9.085 Thread 0x00000000564f5800 1692       3       java.util.EnumSet::allOf (11 bytes)
Event: 9.085 Thread 0x00000000564f5800 nmethod 1692 0x0000000002e42310 code [0x0000000002e42480, 0x0000000002e426b8]
Event: 9.085 Thread 0x00000000564f5800 1693       3       java.util.EnumSet::noneOf (63 bytes)
Event: 9.087 Thread 0x00000000564f5800 nmethod 1693 0x0000000002e586d0 code [0x0000000002e58940, 0x0000000002e59928]
Event: 9.087 Thread 0x00000000564f5800 1694       3       java.util.HashMap$EntrySet::iterator (12 bytes)
Event: 9.087 Thread 0x00000000564f5800 nmethod 1694 0x0000000002e41e50 code [0x0000000002e41fc0, 0x0000000002e42228]
Event: 9.087 Thread 0x00000000564f5800 1697       3       java.util.concurrent.ThreadPoolExecutor::isRunning (10 bytes)
Event: 9.087 Thread 0x00000000564f5800 nmethod 1697 0x0000000002e41b10 code [0x0000000002e41c60, 0x0000000002e41df0]

GC Heap History (6 events):
Event: 1.889 GC heap before
{Heap before GC invocations=1 (full 0):
 PSYoungGen      total 28672K, used 24576K [0x00000000eab00000, 0x00000000ecb00000, 0x0000000100000000)
  eden space 24576K, 100% used [0x00000000eab00000,0x00000000ec300000,0x00000000ec300000)
  from space 4096K, 0% used [0x00000000ec700000,0x00000000ec700000,0x00000000ecb00000)
  to   space 4096K, 0% used [0x00000000ec300000,0x00000000ec300000,0x00000000ec700000)
 ParOldGen       total 65536K, used 0K [0x00000000c0000000, 0x00000000c4000000, 0x00000000eab00000)
  object space 65536K, 0% used [0x00000000c0000000,0x00000000c0000000,0x00000000c4000000)
 Metaspace       used 5529K, capacity 6512K, committed 6784K, reserved 1056768K
  class space    used 589K, capacity 616K, committed 640K, reserved 1048576K
Event: 2.054 GC heap after
Heap after GC invocations=1 (full 0):
 PSYoungGen      total 28672K, used 3673K [0x00000000eab00000, 0x00000000ee300000, 0x0000000100000000)
  eden space 24576K, 0% used [0x00000000eab00000,0x00000000eab00000,0x00000000ec300000)
  from space 4096K, 89% used [0x00000000ec300000,0x00000000ec6967e8,0x00000000ec700000)
  to   space 4096K, 0% used [0x00000000edf00000,0x00000000edf00000,0x00000000ee300000)
 ParOldGen       total 65536K, used 0K [0x00000000c0000000, 0x00000000c4000000, 0x00000000eab00000)
  object space 65536K, 0% used [0x00000000c0000000,0x00000000c0000000,0x00000000c4000000)
 Metaspace       used 5529K, capacity 6512K, committed 6784K, reserved 1056768K
  class space    used 589K, capacity 616K, committed 640K, reserved 1048576K
}
Event: 3.463 GC heap before
{Heap before GC invocations=2 (full 0):
 PSYoungGen      total 28672K, used 28249K [0x00000000eab00000, 0x00000000ee300000, 0x0000000100000000)
  eden space 24576K, 100% used [0x00000000eab00000,0x00000000ec300000,0x00000000ec300000)
  from space 4096K, 89% used [0x00000000ec300000,0x00000000ec6967e8,0x00000000ec700000)
  to   space 4096K, 0% used [0x00000000edf00000,0x00000000edf00000,0x00000000ee300000)
 ParOldGen       total 65536K, used 0K [0x00000000c0000000, 0x00000000c4000000, 0x00000000eab00000)
  object space 65536K, 0% used [0x00000000c0000000,0x00000000c0000000,0x00000000c4000000)
 Metaspace       used 6059K, capacity 6960K, committed 7040K, reserved 1056768K
  class space    used 594K, capacity 616K, committed 640K, reserved 1048576K
Event: 3.522 GC heap after
Heap after GC invocations=2 (full 0):
 PSYoungGen      total 53248K, used 4081K [0x00000000eab00000, 0x00000000ee300000, 0x0000000100000000)
  eden space 49152K, 0% used [0x00000000eab00000,0x00000000eab00000,0x00000000edb00000)
  from space 4096K, 99% used [0x00000000edf00000,0x00000000ee2fc7a8,0x00000000ee300000)
  to   space 4096K, 0% used [0x00000000edb00000,0x00000000edb00000,0x00000000edf00000)
 ParOldGen       total 65536K, used 1293K [0x00000000c0000000, 0x00000000c4000000, 0x00000000eab00000)
  object space 65536K, 1% used [0x00000000c0000000,0x00000000c0143580,0x00000000c4000000)
 Metaspace       used 6059K, capacity 6960K, committed 7040K, reserved 1056768K
  class space    used 594K, capacity 616K, committed 640K, reserved 1048576K
}
Event: 7.157 GC heap before
{Heap before GC invocations=3 (full 0):
 PSYoungGen      total 53248K, used 53233K [0x00000000eab00000, 0x00000000ee300000, 0x0000000100000000)
  eden space 49152K, 100% used [0x00000000eab00000,0x00000000edb00000,0x00000000edb00000)
  from space 4096K, 99% used [0x00000000edf00000,0x00000000ee2fc7a8,0x00000000ee300000)
  to   space 4096K, 0% used [0x00000000edb00000,0x00000000edb00000,0x00000000edf00000)
 ParOldGen       total 65536K, used 1293K [0x00000000c0000000, 0x00000000c4000000, 0x00000000eab00000)
  object space 65536K, 1% used [0x00000000c0000000,0x00000000c0143580,0x00000000c4000000)
 Metaspace       used 6199K, capacity 7088K, committed 7296K, reserved 1056768K
  class space    used 596K, capacity 616K, committed 640K, reserved 1048576K
Event: 7.683 GC heap after
Heap after GC invocations=3 (full 0):
 PSYoungGen      total 53248K, used 4084K [0x00000000eab00000, 0x00000000f1300000, 0x0000000100000000)
  eden space 49152K, 0% used [0x00000000eab00000,0x00000000eab00000,0x00000000edb00000)
  from space 4096K, 99% used [0x00000000edb00000,0x00000000edefd358,0x00000000edf00000)
  to   space 4096K, 0% used [0x00000000f0f00000,0x00000000f0f00000,0x00000000f1300000)
 ParOldGen       total 65536K, used 8482K [0x00000000c0000000, 0x00000000c4000000, 0x00000000eab00000)
  object space 65536K, 12% used [0x00000000c0000000,0x00000000c0848a38,0x00000000c4000000)
 Metaspace       used 6199K, capacity 7088K, committed 7296K, reserved 1056768K
  class space    used 596K, capacity 616K, committed 640K, reserved 1048576K
}

Deoptimization events (10 events):
Event: 6.899 Thread 0x0000000056798800 Uncommon trap: reason=unreached action=reinterpret pc=0x0000000002d59e08 method=com.android.dx.ssa.SsaRenamer$BlockRenamer.process()V @ 90
Event: 7.132 Thread 0x0000000056798800 Uncommon trap: reason=bimorphic action=maybe_recompile pc=0x0000000002c6ba20 method=com.android.dx.cf.code.BytecodeArray.parseInstruction(ILcom/android/dx/cf/code/BytecodeArray$Visitor;)I @ 1501
Event: 7.133 Thread 0x0000000056798800 Uncommon trap: reason=bimorphic action=maybe_recompile pc=0x0000000002c6ba20 method=com.android.dx.cf.code.BytecodeArray.parseInstruction(ILcom/android/dx/cf/code/BytecodeArray$Visitor;)I @ 1501
Event: 7.148 Thread 0x0000000056798800 Uncommon trap: reason=unreached action=reinterpret pc=0x0000000002de8954 method=com.android.dx.cf.code.Merger.mergeType(Lcom/android/dx/rop/type/TypeBearer;Lcom/android/dx/rop/type/TypeBearer;)Lcom/android/dx/rop/type/TypeBearer; @ 15
Event: 8.759 Thread 0x00000000567b6800 Uncommon trap: reason=bimorphic action=maybe_recompile pc=0x0000000002e4bc60 method=com.android.dx.cf.code.BytecodeArray.parseInstruction(ILcom/android/dx/cf/code/BytecodeArray$Visitor;)I @ 955
Event: 8.759 Thread 0x00000000567b6800 Uncommon trap: reason=bimorphic action=maybe_recompile pc=0x0000000002e4bae0 method=com.android.dx.cf.code.BytecodeArray.parseInstruction(ILcom/android/dx/cf/code/BytecodeArray$Visitor;)I @ 907
Event: 8.759 Thread 0x00000000567b6800 Uncommon trap: reason=bimorphic action=maybe_recompile pc=0x0000000002e4c174 method=com.android.dx.cf.code.BytecodeArray.parseInstruction(ILcom/android/dx/cf/code/BytecodeArray$Visitor;)I @ 1224
Event: 8.759 Thread 0x00000000567b6800 Uncommon trap: reason=bimorphic action=maybe_recompile pc=0x0000000002e4bb60 method=com.android.dx.cf.code.BytecodeArray.parseInstruction(ILcom/android/dx/cf/code/BytecodeArray$Visitor;)I @ 923
Event: 8.759 Thread 0x00000000567b6800 Uncommon trap: reason=bimorphic action=maybe_recompile pc=0x0000000002e4c174 method=com.android.dx.cf.code.BytecodeArray.parseInstruction(ILcom/android/dx/cf/code/BytecodeArray$Visitor;)I @ 1224
Event: 8.760 Thread 0x00000000567b6800 Uncommon trap: reason=class_check action=maybe_recompile pc=0x0000000002d8225c method=com.android.dx.cf.code.Ropper.processBlock(Lcom/android/dx/cf/code/ByteBlock;Lcom/android/dx/cf/code/Frame;[I)V @ 777

Internal exceptions (10 events):
Event: 1.793 Thread 0x00000000567b6800 Exception <a 'java/security/PrivilegedActionException'> (0x00000000ec297ce8) thrown at [D:\re\workspace\8-2-build-windows-amd64-cygwin\jdk8u20\1074\hotspot\src\share\vm\prims\jvm.cpp, line 1275]
Event: 1.807 Thread 0x000000000240f800 Exception <a 'java/security/PrivilegedActionException'> (0x00000000ec21dfc8) thrown at [D:\re\workspace\8-2-build-windows-amd64-cygwin\jdk8u20\1074\hotspot\src\share\vm\prims\jvm.cpp, line 1275]
Event: 1.841 Thread 0x00000000568d8800 Exception <a 'java/security/PrivilegedActionException'> (0x00000000ebf2a1e8) thrown at [D:\re\workspace\8-2-build-windows-amd64-cygwin\jdk8u20\1074\hotspot\src\share\vm\prims\jvm.cpp, line 1275]
Event: 2.133 Thread 0x000000000240f800 Exception <a 'java/security/PrivilegedActionException'> (0x00000000eac58f00) thrown at [D:\re\workspace\8-2-build-windows-amd64-cygwin\jdk8u20\1074\hotspot\src\share\vm\prims\jvm.cpp, line 1275]
Event: 2.134 Thread 0x000000000240f800 Exception <a 'java/security/PrivilegedActionException'> (0x00000000eac5b448) thrown at [D:\re\workspace\8-2-build-windows-amd64-cygwin\jdk8u20\1074\hotspot\src\share\vm\prims\jvm.cpp, line 1275]
Event: 2.245 Thread 0x00000000568d8800 Exception <a 'java/security/PrivilegedActionException'> (0x00000000eae57240) thrown at [D:\re\workspace\8-2-build-windows-amd64-cygwin\jdk8u20\1074\hotspot\src\share\vm\prims\jvm.cpp, line 1275]
Event: 2.869 Thread 0x000000000240f800 Exception <a 'java/security/PrivilegedActionException'> (0x00000000eb1bec20) thrown at [D:\re\workspace\8-2-build-windows-amd64-cygwin\jdk8u20\1074\hotspot\src\share\vm\prims\jvm.cpp, line 1275]
Event: 2.945 Thread 0x00000000568d8800 Implicit null exception at 0x0000000002ae8112 to 0x0000000002ae8211
Event: 3.411 Thread 0x0000000056798800 Implicit null exception at 0x0000000002a7c726 to 0x0000000002a7ea75
Event: 4.214 Thread 0x000000005689d800 Exception <a 'java/security/PrivilegedActionException'> (0x00000000eadd08a8) thrown at [D:\re\workspace\8-2-build-windows-amd64-cygwin\jdk8u20\1074\hotspot\src\share\vm\prims\jvm.cpp, line 1275]

Events (10 events):
Event: 8.759 Thread 0x00000000567b6800 DEOPT UNPACKING pc=0x000000000278556a sp=0x0000000057c0e9f8 mode 2
Event: 8.759 Thread 0x00000000567b6800 Uncommon trap: trap_request=0xffffffc6 fr.pc=0x0000000002e4bb60
Event: 8.759 Thread 0x00000000567b6800 DEOPT PACKING pc=0x0000000002e4bb60 sp=0x0000000057c0ea50
Event: 8.759 Thread 0x00000000567b6800 DEOPT UNPACKING pc=0x000000000278556a sp=0x0000000057c0e9f8 mode 2
Event: 8.759 Thread 0x00000000567b6800 Uncommon trap: trap_request=0xffffffc6 fr.pc=0x0000000002e4c174
Event: 8.759 Thread 0x00000000567b6800 DEOPT PACKING pc=0x0000000002e4c174 sp=0x0000000057c0ea50
Event: 8.759 Thread 0x00000000567b6800 DEOPT UNPACKING pc=0x000000000278556a sp=0x0000000057c0e9f8 mode 2
Event: 8.760 Thread 0x00000000567b6800 Uncommon trap: trap_request=0xffffffde fr.pc=0x0000000002d8225c
Event: 8.760 Thread 0x00000000567b6800 DEOPT PACKING pc=0x0000000002d8225c sp=0x0000000057c0ed40
Event: 8.760 Thread 0x00000000567b6800 DEOPT UNPACKING pc=0x000000000278556a sp=0x0000000057c0ece8 mode 2


Dynamic libraries:
0x000000013ff00000 - 0x000000013ff34000 	C:\Program Files\Java\jdk1.8.0_20\bin\java.exe
0x00000000773c0000 - 0x0000000077569000 	C:\Windows\SYSTEM32\ntdll.dll
0x00000000772a0000 - 0x00000000773bf000 	C:\Windows\system32\kernel32.dll
0x000007fefd570000 - 0x000007fefd5db000 	C:\Windows\system32\KERNELBASE.dll
0x000007fefd740000 - 0x000007fefd81b000 	C:\Windows\system32\ADVAPI32.dll
0x000007feff590000 - 0x000007feff62f000 	C:\Windows\system32\msvcrt.dll
0x000007feff010000 - 0x000007feff02f000 	C:\Windows\SYSTEM32\sechost.dll
0x000007fefdb00000 - 0x000007fefdc2d000 	C:\Windows\system32\RPCRT4.dll
0x00000000771a0000 - 0x000000007729a000 	C:\Windows\system32\USER32.dll
0x000007feff370000 - 0x000007feff3d7000 	C:\Windows\system32\GDI32.dll
0x000007feff2c0000 - 0x000007feff2ce000 	C:\Windows\system32\LPK.dll
0x000007feff4c0000 - 0x000007feff589000 	C:\Windows\system32\USP10.dll
0x000007fefbe90000 - 0x000007fefc084000 	C:\Windows\WinSxS\amd64_microsoft.windows.common-controls_6595b64144ccf1df_6.0.7601.17514_none_fa396087175ac9ac\COMCTL32.dll
0x000007fefd9a0000 - 0x000007fefda11000 	C:\Windows\system32\SHLWAPI.dll
0x000007fefda30000 - 0x000007fefda5e000 	C:\Windows\system32\IMM32.DLL
0x000007feff030000 - 0x000007feff139000 	C:\Windows\system32\MSCTF.dll
0x000000006bc90000 - 0x000000006bd62000 	C:\Program Files\Java\jdk1.8.0_20\jre\bin\msvcr100.dll
0x000000006cd70000 - 0x000000006d5c8000 	C:\Program Files\Java\jdk1.8.0_20\jre\bin\server\jvm.dll
0x000007fef8dd0000 - 0x000007fef8dd9000 	C:\Windows\system32\WSOCK32.dll
0x000007feff270000 - 0x000007feff2bd000 	C:\Windows\system32\WS2_32.dll
0x000007fefda20000 - 0x000007fefda28000 	C:\Windows\system32\NSI.dll
0x000007fef8880000 - 0x000007fef88bb000 	C:\Windows\system32\WINMM.dll
0x0000000077580000 - 0x0000000077587000 	C:\Windows\system32\PSAPI.DLL
0x0000000074200000 - 0x000000007420f000 	C:\Program Files\Java\jdk1.8.0_20\jre\bin\verify.dll
0x00000000741d0000 - 0x00000000741f8000 	C:\Program Files\Java\jdk1.8.0_20\jre\bin\java.dll
0x0000000073e70000 - 0x0000000073e86000 	C:\Program Files\Java\jdk1.8.0_20\jre\bin\zip.dll
0x000007fefdc30000 - 0x000007fefe9b8000 	C:\Windows\system32\SHELL32.dll
0x000007fefee00000 - 0x000007feff003000 	C:\Windows\system32\ole32.dll
0x000007fefd310000 - 0x000007fefd31f000 	C:\Windows\system32\profapi.dll

VM Arguments:
jvm_args: -Djava.awt.headless=true -Xmx1024M -Dfile.encoding=GBK -Duser.country=CN -Duser.language=zh -Duser.variant 
java_command: com.android.dx.command.Main --dex --num-threads=4 --output E:\android_workspace\AutoLayout\app\build\intermediates\pre-dexed\debug\com.android.support-support-v4-23.4.0_2ceb73013ae501be4970aa5ed77984f77d92724a.jar E:\android_workspace\AutoLayout\app\build\intermediates\exploded-aar\com.android.support\support-v4\23.4.0\jars\classes.jar
java_class_path (initial): D:\android-studio\sdk\build-tools\23.0.2\lib\dx.jar
Launcher Type: SUN_STANDARD

Environment Variables:
JAVA_HOME=C:\Program Files\Java\jdk1.8.0_20
CLASSPATH=.;C:\Program Files\Java\jdk1.8.0_20\lib;C:\Program Files\Java\jdk1.8.0_20\lib\tools.jar;C:\Program Files\Java\jdk1.8.0_20\lib\dt.jar;
PATH=D:\Program Files (x86)\Python27\;D:\Program Files (x86)\Python27\Scripts;C:\Program Files\Java\jdk1.8.0_20\bin;C:\ProgramData\Oracle\Java\javapath;C:\Program Files (x86)\AMD APP\bin\x86_64;C:\Program Files (x86)\AMD APP\bin\x86;C:\Windows\system32;C:\Windows;C:\Windows\System32\Wbem;C:\Windows\System32\WindowsPowerShell\v1.0\;C:\Program Files\Intel\WiFi\bin\;C:\Program Files\Common Files\Intel\WirelessCommon\;C:\Program Files (x86)\ATI Technologies\ATI.ACE\Core-Static;C:\Program Files\Microsoft\Web Platform Installer\;C:\Program Files (x86)\Microsoft ASP.NET\ASP.NET Web Pages\v1.0\;D:\Program Files\MySQL\MySQL Server 5.5\bin;C:\Program Files\MySQL\MySQL Server 5.5\bin;D:\android-studio\sdk\platform-tools;D:\android-studio\sdk\tools;d:\Program Files\Git\cmd;D:\Program Files\nodejs\;D:\Program Files\VisualSVN Server\bin;D:\Program Files\TortoiseSVN\bin;C:\Program Files\Intel\WiFi\bin\;C:\Program Files\Common Files\Intel\WirelessCommon\;C:\Users\thinkpad\AppData\Roaming\npm
USERNAME=thinkpad
OS=Windows_NT
PROCESSOR_IDENTIFIER=Intel64 Family 6 Model 42 Stepping 7, GenuineIntel



---------------  S Y S T E M  ---------------

OS: Windows 7 , 64 bit Build 7601 Service Pack 1

CPU:total 4 (2 cores per cpu, 2 threads per core) family 6 model 42 stepping 7, cmov, cx8, fxsr, mmx, sse, sse2, sse3, ssse3, sse4.1, sse4.2, popcnt, avx, clmul, ht, tsc, tscinvbit

Memory: 4k page, physical 6200560k(1342632k free), swap 6198700k(4848k free)

vm_info: Java HotSpot(TM) 64-Bit Server VM (25.20-b23) for windows-amd64 JRE (1.8.0_20-b26), built on Jul 30 2014 13:51:23 by "java_re" with MS VC++ 10.0 (VS2010)

time: Sat Jun 24 23:51:59 2017
elapsed time: 9 seconds (0d 0h 0m 9s)

